<html>
<head>
<title>TestNG:  package</title>
<link href="../testng.css" rel="stylesheet" type="text/css" />
<link href="../my-testng.css" rel="stylesheet" type="text/css" />

<style type="text/css">
.log { display: none;} 
.stack-trace { display: none;} 
</style>
<script type="text/javascript">
<!--
function flip(e) {
  current = e.style.display;
  if (current == 'block') {
    e.style.display = 'none';
    return 0;
  }
  else {
    e.style.display = 'block';
    return 1;
  }
}

function toggleBox(szDivId, elem, msg1, msg2)
{
  var res = -1;  if (document.getElementById) {
    res = flip(document.getElementById(szDivId));
  }
  else if (document.all) {
    // this is the way old msie versions work
    res = flip(document.all[szDivId]);
  }
  if(elem) {
    if(res == 0) elem.innerHTML = msg1; else elem.innerHTML = msg2;
  }

}

function toggleAllBoxes() {
  if (document.getElementsByTagName) {
    d = document.getElementsByTagName('div');
    for (i = 0; i < d.length; i++) {
      if (d[i].className == 'log') {
        flip(d[i]);
      }
    }
  }
}

// -->
</script>

</head>
<body>
<h2 align='center'>package</h2><table border='1' align="center">
<tr>
<td>Tests passed/Failed/Skipped:</td><td>4/1/0</td>
</tr><tr>
<td>Started on:</td><td>Thu Oct 07 20:26:37 IST 2021</td>
</tr>
<tr><td>Total time:</td><td>691 seconds (691846 ms)</td>
</tr><tr>
<td>Included groups:</td><td></td>
</tr><tr>
<td>Excluded groups:</td><td></td>
</tr>
</table><p/>
<small><i>(Hover the method name to see the test class name)</i></small><p/>
<table width='100%' border='1' class='invocation-failed'>
<tr><td colspan='4' align='center'><b>FAILED TESTS</b></td></tr>
<tr><td><b>Test method</b></td>
<td width="30%"><b>Exception</b></td>
<td width="10%"><b>Time (seconds)</b></td>
<td><b>Instance</b></td>
</tr>
<tr>
<td title='com.hrms.testscripts.TC001.tc001()'><b>tc001</b><br>Test class: com.hrms.testscripts.TC001</td>
<td><div><pre>org.openqa.selenium.SessionNotCreatedException: session not created
from timeout: Timed out receiving message from renderer: 600.000
  (Session info: chrome=94.0.4606.71)
Build info: version: &apos;3.141.59&apos;, revision: &apos;e82be7d358&apos;, time: &apos;2018-11-14T08:25:48&apos;
System info: host: &apos;DESKTOP-OOPMDMF&apos;, ip: &apos;192.168.1.110&apos;, os.name: &apos;Windows 10&apos;, os.arch: &apos;amd64&apos;, os.version: &apos;10.0&apos;, java.version: &apos;16.0.1&apos;
Driver info: driver.version: ChromeDriver
remote stacktrace: Backtrace:
	Ordinal0 [0x0055A2D3+2663123]
	Ordinal0 [0x004EA491+2204817]
	Ordinal0 [0x003D2118+1057048]
	Ordinal0 [0x003C49BD+1001917]
	Ordinal0 [0x003C3A0D+997901]
	Ordinal0 [0x003C3CC6+998598]
	Ordinal0 [0x003C35B5+996789]
	Ordinal0 [0x003CA12D+1024301]
	Ordinal0 [0x003C3571+996721]
	Ordinal0 [0x003C4496+1000598]
	Ordinal0 [0x003C3A0D+997901]
	Ordinal0 [0x003C3CC6+998598]
	Ordinal0 [0x003C35B5+996789]
	Ordinal0 [0x003C935C+1020764]
	Ordinal0 [0x003C3571+996721]
	Ordinal0 [0x003C4496+1000598]
	Ordinal0 [0x003C3A0D+997901]
	Ordinal0 [0x003C3CC6+998598]
	Ordinal0 [0x003C35B5+996789]
	Ordinal0 [0x003BF19D+979357]
	Ordinal0 [0x003C3571+996721]
	Ordinal0 [0x003C3310+996112]
	Ordinal0 [0x003C30A9+995497]
	Ordinal0 [0x003D3330+1061680]
	Ordinal0 [0x0041AD29+1355049]
	Ordinal0 [0x004199FA+1350138]
	Ordinal0 [0x0041589B+1333403]
	Ordinal0 [0x003F1F74+1187700]
	Ordinal0 [0x003F2DC9+1191369]
	GetHandleVerifier [0x006F30D6+1610054]
	GetHandleVerifier [0x0079B53B+2299307]
	GetHandleVerifier [0x005E8DA9+519705]
	GetHandleVerifier [0x005E7759+513993]
	Ordinal0 [0x004F112D+2232621]
	Ordinal0 [0x004F55F8+2250232]
	Ordinal0 [0x004F5732+2250546]
	Ordinal0 [0x004FE591+2286993]
	BaseThreadInitThunk [0x758BFA29+25]
	RtlGetAppContainerNamedObjectPath [0x77927A9E+286]
	RtlGetAppContainerNamedObjectPath [0x77927A6E+238]

	at org.openqa.selenium.remote.W3CHandshakeResponse.lambda$errorHandler$0(W3CHandshakeResponse.java:62)
	at org.openqa.selenium.remote.HandshakeResponse.lambda$getResponseFunction$0(HandshakeResponse.java:30)
	at org.openqa.selenium.remote.ProtocolHandshake.lambda$createSession$0(ProtocolHandshake.java:126)
	at java.base/java.util.stream.ReferencePipeline$3$1.accept(ReferencePipeline.java:197)
	at java.base/java.util.Spliterators$ArraySpliterator.tryAdvance(Spliterators.java:958)
	at java.base/java.util.stream.ReferencePipeline.forEachWithCancel(ReferencePipeline.java:129)
	at java.base/java.util.stream.AbstractPipeline.copyIntoWithCancel(AbstractPipeline.java:502)
	at java.base/java.util.stream.AbstractPipeline.copyInto(AbstractPipeline.java:488)
	at java.base/java.util.stream.AbstractPipeline.wrapAndCopyInto(AbstractPipeline.java:474)
	at java.base/java.util.stream.FindOps$FindOp.evaluateSequential(FindOps.java:150)
	at java.base/java.util.stream.AbstractPipeline.evaluate(AbstractPipeline.java:234)
	at java.base/java.util.stream.ReferencePipeline.findFirst(ReferencePipeline.java:647)
	at org.openqa.selenium.remote.ProtocolHandshake.createSession(ProtocolHandshake.java:128)
	at org.openqa.selenium.remote.ProtocolHandshake.createSession(ProtocolHandshake.java:74)
	at org.openqa.selenium.remote.HttpCommandExecutor.execute(HttpCommandExecutor.java:136)
	at org.openqa.selenium.remote.service.DriverCommandExecutor.execute(DriverCommandExecutor.java:83)
	at org.openqa.selenium.remote.RemoteWebDriver.execute(RemoteWebDriver.java:552)
	at org.openqa.selenium.remote.RemoteWebDriver.startSession(RemoteWebDriver.java:213)
	at org.openqa.selenium.remote.RemoteWebDriver.&lt;init&gt;(RemoteWebDriver.java:131)
	at org.openqa.selenium.chrome.ChromeDriver.&lt;init&gt;(ChromeDriver.java:181)
	at org.openqa.selenium.chrome.ChromeDriver.&lt;init&gt;(ChromeDriver.java:168)
	at org.openqa.selenium.chrome.ChromeDriver.&lt;init&gt;(ChromeDriver.java:123)
	at com.hrms.lib.General.openApplication(General.java:14)
	at com.hrms.testscripts.TC001.tc001(TC001.java:14)
... Removed 28 stack frames</pre></div><a href='#' onClick='toggleBox("stack-trace1706272858", this, "Click to show all stack frames", "Click to hide stack frames")'>Click to show all stack frames</a>
<div class='stack-trace' id='stack-trace1706272858'><pre>org.openqa.selenium.SessionNotCreatedException: session not created
from timeout: Timed out receiving message from renderer: 600.000
  (Session info: chrome=94.0.4606.71)
Build info: version: &apos;3.141.59&apos;, revision: &apos;e82be7d358&apos;, time: &apos;2018-11-14T08:25:48&apos;
System info: host: &apos;DESKTOP-OOPMDMF&apos;, ip: &apos;192.168.1.110&apos;, os.name: &apos;Windows 10&apos;, os.arch: &apos;amd64&apos;, os.version: &apos;10.0&apos;, java.version: &apos;16.0.1&apos;
Driver info: driver.version: ChromeDriver
remote stacktrace: Backtrace:
	Ordinal0 [0x0055A2D3+2663123]
	Ordinal0 [0x004EA491+2204817]
	Ordinal0 [0x003D2118+1057048]
	Ordinal0 [0x003C49BD+1001917]
	Ordinal0 [0x003C3A0D+997901]
	Ordinal0 [0x003C3CC6+998598]
	Ordinal0 [0x003C35B5+996789]
	Ordinal0 [0x003CA12D+1024301]
	Ordinal0 [0x003C3571+996721]
	Ordinal0 [0x003C4496+1000598]
	Ordinal0 [0x003C3A0D+997901]
	Ordinal0 [0x003C3CC6+998598]
	Ordinal0 [0x003C35B5+996789]
	Ordinal0 [0x003C935C+1020764]
	Ordinal0 [0x003C3571+996721]
	Ordinal0 [0x003C4496+1000598]
	Ordinal0 [0x003C3A0D+997901]
	Ordinal0 [0x003C3CC6+998598]
	Ordinal0 [0x003C35B5+996789]
	Ordinal0 [0x003BF19D+979357]
	Ordinal0 [0x003C3571+996721]
	Ordinal0 [0x003C3310+996112]
	Ordinal0 [0x003C30A9+995497]
	Ordinal0 [0x003D3330+1061680]
	Ordinal0 [0x0041AD29+1355049]
	Ordinal0 [0x004199FA+1350138]
	Ordinal0 [0x0041589B+1333403]
	Ordinal0 [0x003F1F74+1187700]
	Ordinal0 [0x003F2DC9+1191369]
	GetHandleVerifier [0x006F30D6+1610054]
	GetHandleVerifier [0x0079B53B+2299307]
	GetHandleVerifier [0x005E8DA9+519705]
	GetHandleVerifier [0x005E7759+513993]
	Ordinal0 [0x004F112D+2232621]
	Ordinal0 [0x004F55F8+2250232]
	Ordinal0 [0x004F5732+2250546]
	Ordinal0 [0x004FE591+2286993]
	BaseThreadInitThunk [0x758BFA29+25]
	RtlGetAppContainerNamedObjectPath [0x77927A9E+286]
	RtlGetAppContainerNamedObjectPath [0x77927A6E+238]

	at java.base/jdk.internal.reflect.NativeConstructorAccessorImpl.newInstance0(Native Method)
	at java.base/jdk.internal.reflect.NativeConstructorAccessorImpl.newInstance(NativeConstructorAccessorImpl.java:78)
	at java.base/jdk.internal.reflect.DelegatingConstructorAccessorImpl.newInstance(DelegatingConstructorAccessorImpl.java:45)
	at java.base/java.lang.reflect.Constructor.newInstanceWithCaller(Constructor.java:499)
	at java.base/java.lang.reflect.Constructor.newInstance(Constructor.java:480)
	at org.openqa.selenium.remote.W3CHandshakeResponse.lambda$errorHandler$0(W3CHandshakeResponse.java:62)
	at org.openqa.selenium.remote.HandshakeResponse.lambda$getResponseFunction$0(HandshakeResponse.java:30)
	at org.openqa.selenium.remote.ProtocolHandshake.lambda$createSession$0(ProtocolHandshake.java:126)
	at java.base/java.util.stream.ReferencePipeline$3$1.accept(ReferencePipeline.java:197)
	at java.base/java.util.Spliterators$ArraySpliterator.tryAdvance(Spliterators.java:958)
	at java.base/java.util.stream.ReferencePipeline.forEachWithCancel(ReferencePipeline.java:129)
	at java.base/java.util.stream.AbstractPipeline.copyIntoWithCancel(AbstractPipeline.java:502)
	at java.base/java.util.stream.AbstractPipeline.copyInto(AbstractPipeline.java:488)
	at java.base/java.util.stream.AbstractPipeline.wrapAndCopyInto(AbstractPipeline.java:474)
	at java.base/java.util.stream.FindOps$FindOp.evaluateSequential(FindOps.java:150)
	at java.base/java.util.stream.AbstractPipeline.evaluate(AbstractPipeline.java:234)
	at java.base/java.util.stream.ReferencePipeline.findFirst(ReferencePipeline.java:647)
	at org.openqa.selenium.remote.ProtocolHandshake.createSession(ProtocolHandshake.java:128)
	at org.openqa.selenium.remote.ProtocolHandshake.createSession(ProtocolHandshake.java:74)
	at org.openqa.selenium.remote.HttpCommandExecutor.execute(HttpCommandExecutor.java:136)
	at org.openqa.selenium.remote.service.DriverCommandExecutor.execute(DriverCommandExecutor.java:83)
	at org.openqa.selenium.remote.RemoteWebDriver.execute(RemoteWebDriver.java:552)
	at org.openqa.selenium.remote.RemoteWebDriver.startSession(RemoteWebDriver.java:213)
	at org.openqa.selenium.remote.RemoteWebDriver.&lt;init&gt;(RemoteWebDriver.java:131)
	at org.openqa.selenium.chrome.ChromeDriver.&lt;init&gt;(ChromeDriver.java:181)
	at org.openqa.selenium.chrome.ChromeDriver.&lt;init&gt;(ChromeDriver.java:168)
	at org.openqa.selenium.chrome.ChromeDriver.&lt;init&gt;(ChromeDriver.java:123)
	at com.hrms.lib.General.openApplication(General.java:14)
	at com.hrms.testscripts.TC001.tc001(TC001.java:14)
	at java.base/jdk.internal.reflect.NativeMethodAccessorImpl.invoke0(Native Method)
	at java.base/jdk.internal.reflect.NativeMethodAccessorImpl.invoke(NativeMethodAccessorImpl.java:78)
	at java.base/jdk.internal.reflect.DelegatingMethodAccessorImpl.invoke(DelegatingMethodAccessorImpl.java:43)
	at java.base/java.lang.reflect.Method.invoke(Method.java:567)
	at org.testng.internal.MethodInvocationHelper.invokeMethod(MethodInvocationHelper.java:80)
	at org.testng.internal.Invoker.invokeMethod(Invoker.java:714)
	at org.testng.internal.Invoker.invokeTestMethod(Invoker.java:901)
	at org.testng.internal.Invoker.invokeTestMethods(Invoker.java:1231)
	at org.testng.internal.TestMethodWorker.invokeTestMethods(TestMethodWorker.java:127)
	at org.testng.internal.TestMethodWorker.run(TestMethodWorker.java:111)
	at org.testng.TestRunner.privateRun(TestRunner.java:767)
	at org.testng.TestRunner.run(TestRunner.java:617)
	at org.testng.SuiteRunner.runTest(SuiteRunner.java:334)
	at org.testng.SuiteRunner.runSequentially(SuiteRunner.java:329)
	at org.testng.SuiteRunner.privateRun(SuiteRunner.java:291)
	at org.testng.SuiteRunner.run(SuiteRunner.java:240)
	at org.testng.SuiteRunnerWorker.runSuite(SuiteRunnerWorker.java:52)
	at org.testng.SuiteRunnerWorker.run(SuiteRunnerWorker.java:86)
	at org.testng.TestNG.runSuitesSequentially(TestNG.java:1198)
	at org.testng.TestNG.runSuitesLocally(TestNG.java:1123)
	at org.testng.TestNG.run(TestNG.java:1031)
	at org.testng.TestNG.privateMain(TestNG.java:1338)
	at org.testng.TestNG.main(TestNG.java:1307)
</pre></div></td>
<td>628</td>
<td>com.hrms.testscripts.TC001@a1cdc6d</td></tr>
</table><p>
<table width='100%' border='1' class='invocation-passed'>
<tr><td colspan='4' align='center'><b>PASSED TESTS</b></td></tr>
<tr><td><b>Test method</b></td>
<td width="30%"><b>Exception</b></td>
<td width="10%"><b>Time (seconds)</b></td>
<td><b>Instance</b></td>
</tr>
<tr>
<td title='com.hrms.testscripts.WebDriverTestng.Login()'><b>Login</b><br>Test class: com.hrms.testscripts.WebDriverTestng<br>Test method: OrangeHRM Login<br/>
<a href="#Output-1191874608" onClick='toggleBox("Output-1191874608", this, "Show output", "Hide output");'>Show output</a>

<a href="#Output-1191874608" onClick="toggleAllBoxes();">Show all outputs</a>
<div class='log' id="Output-1191874608">
Test case steps<br/>
1.Application opened<br/>
2.typing user name<br/>
3.Typing password<br/>
4.login completed<br/>
5.logout completed<br/>
</div>
</td>
<td></td>
<td>11</td>
<td>com.hrms.testscripts.WebDriverTestng@623a8092</td></tr>
<tr>
<td title='com.hrms.testscripts.TC_Excel_WD_TestNG.login()'><b>login</b><br>Test class: com.hrms.testscripts.TC_Excel_WD_TestNG<br/>
<a href="#Output-1337655323" onClick='toggleBox("Output-1337655323", this, "Show output", "Hide output");'>Show output</a>

<a href="#Output-1337655323" onClick="toggleAllBoxes();">Show all outputs</a>
<div class='log' id="Output-1337655323">
Login completed<br/>
Logout completed<br/>
</div>
</td>
<td></td>
<td>5</td>
<td>com.hrms.testscripts.TC_Excel_WD_TestNG@762ef0ea</td></tr>
<tr>
<td title='com.hrms.testscripts.TC002.tc002()'><b>tc002</b><br>Test class: com.hrms.testscripts.TC002<br/>
<a href="#Output-879311295" onClick='toggleBox("Output-879311295", this, "Show output", "Hide output");'>Show output</a>

<a href="#Output-879311295" onClick="toggleAllBoxes();">Show all outputs</a>
<div class='log' id="Output-879311295">
Application opened<br/>
Login successful<br/>
Logout successful<br/>
Application closed<br/>
</div>
</td>
<td></td>
<td>33</td>
<td>com.hrms.testscripts.TC002@175b9425</td></tr>
<tr>
<td title='com.hrms.testscripts.TC003.tc003()'><b>tc003</b><br>Test class: com.hrms.testscripts.TC003<br/>
<a href="#Output-485686996" onClick='toggleBox("Output-485686996", this, "Show output", "Hide output");'>Show output</a>

<a href="#Output-485686996" onClick="toggleAllBoxes();">Show all outputs</a>
<div class='log' id="Output-485686996">
Application opened<br/>
Login successful<br/>
Logout successful<br/>
Application closed<br/>
</div>
</td>
<td></td>
<td>8</td>
<td>com.hrms.testscripts.TC003@3098cf3b</td></tr>
</table><p>
</body>
</html>