<?xml version="1.0" encoding="UTF-8"?>
<!-- Generated by org.testng.reporters.JUnitXMLReporter -->
<testsuite hostname="DESKTOP-OOPMDMF" failures="1" tests="5" name="package" time="691.846" errors="0" timestamp="7 Oct 2021 15:08:09 GMT">
  <testcase classname="com.hrms.testscripts.TC001" name="tc001" time="628.584">
    <failure type="org.openqa.selenium.SessionNotCreatedException" message="session not created
from timeout: Timed out receiving message from renderer: 600.000
  (Session info: chrome=94.0.4606.71)
Build info: version: &amp;apos;3.141.59&amp;apos;, revision: &amp;apos;e82be7d358&amp;apos;, time: &amp;apos;2018-11-14T08:25:48&amp;apos;
System info: host: &amp;apos;DESKTOP-OOPMDMF&amp;apos;, ip: &amp;apos;192.168.1.110&amp;apos;, os.name: &amp;apos;Windows 10&amp;apos;, os.arch: &amp;apos;amd64&amp;apos;, os.version: &amp;apos;10.0&amp;apos;, java.version: &amp;apos;16.0.1&amp;apos;
Driver info: driver.version: ChromeDriver
remote stacktrace: Backtrace:
	Ordinal0 [0x0055A2D3+2663123]
	Ordinal0 [0x004EA491+2204817]
	Ordinal0 [0x003D2118+1057048]
	Ordinal0 [0x003C49BD+1001917]
	Ordinal0 [0x003C3A0D+997901]
	Ordinal0 [0x003C3CC6+998598]
	Ordinal0 [0x003C35B5+996789]
	Ordinal0 [0x003CA12D+1024301]
	Ordinal0 [0x003C3571+996721]
	Ordinal0 [0x003C4496+1000598]
	Ordinal0 [0x003C3A0D+997901]
	Ordinal0 [0x003C3CC6+998598]
	Ordinal0 [0x003C35B5+996789]
	Ordinal0 [0x003C935C+1020764]
	Ordinal0 [0x003C3571+996721]
	Ordinal0 [0x003C4496+1000598]
	Ordinal0 [0x003C3A0D+997901]
	Ordinal0 [0x003C3CC6+998598]
	Ordinal0 [0x003C35B5+996789]
	Ordinal0 [0x003BF19D+979357]
	Ordinal0 [0x003C3571+996721]
	Ordinal0 [0x003C3310+996112]
	Ordinal0 [0x003C30A9+995497]
	Ordinal0 [0x003D3330+1061680]
	Ordinal0 [0x0041AD29+1355049]
	Ordinal0 [0x004199FA+1350138]
	Ordinal0 [0x0041589B+1333403]
	Ordinal0 [0x003F1F74+1187700]
	Ordinal0 [0x003F2DC9+1191369]
	GetHandleVerifier [0x006F30D6+1610054]
	GetHandleVerifier [0x0079B53B+2299307]
	GetHandleVerifier [0x005E8DA9+519705]
	GetHandleVerifier [0x005E7759+513993]
	Ordinal0 [0x004F112D+2232621]
	Ordinal0 [0x004F55F8+2250232]
	Ordinal0 [0x004F5732+2250546]
	Ordinal0 [0x004FE591+2286993]
	BaseThreadInitThunk [0x758BFA29+25]
	RtlGetAppContainerNamedObjectPath [0x77927A9E+286]
	RtlGetAppContainerNamedObjectPath [0x77927A6E+238]
">
      <![CDATA[org.openqa.selenium.SessionNotCreatedException: session not created
from timeout: Timed out receiving message from renderer: 600.000
  (Session info: chrome=94.0.4606.71)
Build info: version: '3.141.59', revision: 'e82be7d358', time: '2018-11-14T08:25:48'
System info: host: 'DESKTOP-OOPMDMF', ip: '192.168.1.110', os.name: 'Windows 10', os.arch: 'amd64', os.version: '10.0', java.version: '16.0.1'
Driver info: driver.version: ChromeDriver
remote stacktrace: Backtrace:
	Ordinal0 [0x0055A2D3+2663123]
	Ordinal0 [0x004EA491+2204817]
	Ordinal0 [0x003D2118+1057048]
	Ordinal0 [0x003C49BD+1001917]
	Ordinal0 [0x003C3A0D+997901]
	Ordinal0 [0x003C3CC6+998598]
	Ordinal0 [0x003C35B5+996789]
	Ordinal0 [0x003CA12D+1024301]
	Ordinal0 [0x003C3571+996721]
	Ordinal0 [0x003C4496+1000598]
	Ordinal0 [0x003C3A0D+997901]
	Ordinal0 [0x003C3CC6+998598]
	Ordinal0 [0x003C35B5+996789]
	Ordinal0 [0x003C935C+1020764]
	Ordinal0 [0x003C3571+996721]
	Ordinal0 [0x003C4496+1000598]
	Ordinal0 [0x003C3A0D+997901]
	Ordinal0 [0x003C3CC6+998598]
	Ordinal0 [0x003C35B5+996789]
	Ordinal0 [0x003BF19D+979357]
	Ordinal0 [0x003C3571+996721]
	Ordinal0 [0x003C3310+996112]
	Ordinal0 [0x003C30A9+995497]
	Ordinal0 [0x003D3330+1061680]
	Ordinal0 [0x0041AD29+1355049]
	Ordinal0 [0x004199FA+1350138]
	Ordinal0 [0x0041589B+1333403]
	Ordinal0 [0x003F1F74+1187700]
	Ordinal0 [0x003F2DC9+1191369]
	GetHandleVerifier [0x006F30D6+1610054]
	GetHandleVerifier [0x0079B53B+2299307]
	GetHandleVerifier [0x005E8DA9+519705]
	GetHandleVerifier [0x005E7759+513993]
	Ordinal0 [0x004F112D+2232621]
	Ordinal0 [0x004F55F8+2250232]
	Ordinal0 [0x004F5732+2250546]
	Ordinal0 [0x004FE591+2286993]
	BaseThreadInitThunk [0x758BFA29+25]
	RtlGetAppContainerNamedObjectPath [0x77927A9E+286]
	RtlGetAppContainerNamedObjectPath [0x77927A6E+238]

	at org.openqa.selenium.remote.W3CHandshakeResponse.lambda$errorHandler$0(W3CHandshakeResponse.java:62)
	at org.openqa.selenium.remote.HandshakeResponse.lambda$getResponseFunction$0(HandshakeResponse.java:30)
	at org.openqa.selenium.remote.ProtocolHandshake.lambda$createSession$0(ProtocolHandshake.java:126)
	at java.base/java.util.stream.ReferencePipeline$3$1.accept(ReferencePipeline.java:197)
	at java.base/java.util.Spliterators$ArraySpliterator.tryAdvance(Spliterators.java:958)
	at java.base/java.util.stream.ReferencePipeline.forEachWithCancel(ReferencePipeline.java:129)
	at java.base/java.util.stream.AbstractPipeline.copyIntoWithCancel(AbstractPipeline.java:502)
	at java.base/java.util.stream.AbstractPipeline.copyInto(AbstractPipeline.java:488)
	at java.base/java.util.stream.AbstractPipeline.wrapAndCopyInto(AbstractPipeline.java:474)
	at java.base/java.util.stream.FindOps$FindOp.evaluateSequential(FindOps.java:150)
	at java.base/java.util.stream.AbstractPipeline.evaluate(AbstractPipeline.java:234)
	at java.base/java.util.stream.ReferencePipeline.findFirst(ReferencePipeline.java:647)
	at org.openqa.selenium.remote.ProtocolHandshake.createSession(ProtocolHandshake.java:128)
	at org.openqa.selenium.remote.ProtocolHandshake.createSession(ProtocolHandshake.java:74)
	at org.openqa.selenium.remote.HttpCommandExecutor.execute(HttpCommandExecutor.java:136)
	at org.openqa.selenium.remote.service.DriverCommandExecutor.execute(DriverCommandExecutor.java:83)
	at org.openqa.selenium.remote.RemoteWebDriver.execute(RemoteWebDriver.java:552)
	at org.openqa.selenium.remote.RemoteWebDriver.startSession(RemoteWebDriver.java:213)
	at org.openqa.selenium.remote.RemoteWebDriver.<init>(RemoteWebDriver.java:131)
	at org.openqa.selenium.chrome.ChromeDriver.<init>(ChromeDriver.java:181)
	at org.openqa.selenium.chrome.ChromeDriver.<init>(ChromeDriver.java:168)
	at org.openqa.selenium.chrome.ChromeDriver.<init>(ChromeDriver.java:123)
	at com.hrms.lib.General.openApplication(General.java:14)
	at com.hrms.testscripts.TC001.tc001(TC001.java:14)
... Removed 28 stack frames]]>
    </failure>
  </testcase> <!-- tc001 -->
  <testcase classname="com.hrms.testscripts.TC002" name="tc002" time="33.041"/>
  <testcase classname="com.hrms.testscripts.TC003" name="tc003" time="8.341"/>
  <testcase classname="com.hrms.testscripts.TC_Excel_WD_TestNG" name="login" time="5.571"/>
  <testcase classname="com.hrms.testscripts.WebDriverTestng" name="Login" time="11.981"/>
</testsuite> <!-- package -->
