<?xml version="1.0" encoding="UTF-8"?>
<!-- Generated by org.testng.reporters.JUnitReportReporter -->
<testsuite hostname="DESKTOP-OOPMDMF" failures="1" tests="1" name="com.hrms.testscripts.TC001" time="628.584" errors="0" timestamp="7 Oct 2021 15:08:10 GMT">
  <testcase classname="com.hrms.testscripts.TC001" name="tc001" time="628.584">
    <failure message="session not created
from timeout: Timed out receiving message from renderer: 600.000
  (Session info: chrome=94.0.4606.71)
Build info: version: &#039;3.141.59&#039;, revision: &#039;e82be7d358&#039;, time: &#039;2018-11-14T08:25:48&#039;
System info: host: &#039;DESKTOP-OOPMDMF&#039;, ip: &#039;192.168.1.110&#039;, os.name: &#039;Windows 10&#039;, os.arch: &#039;amd64&#039;, os.version: &#039;10.0&#039;, java.version: &#039;16.0.1&#039;
Driver info: driver.version: ChromeDriver
remote stacktrace: Backtrace:
	Ordinal0 [0x0055A2D3+2663123]
	Ordinal0 [0x004EA491+2204817]
	Ordinal0 [0x003D2118+1057048]
	Ordinal0 [0x003C49BD+1001917]
	Ordinal0 [0x003C3A0D+997901]
	Ordinal0 [0x003C3CC6+998598]
	Ordinal0 [0x003C35B5+996789]
	Ordinal0 [0x003CA12D+1024301]
	Ordinal0 [0x003C3571+996721]
	Ordinal0 [0x003C4496+1000598]
	Ordinal0 [0x003C3A0D+997901]
	Ordinal0 [0x003C3CC6+998598]
	Ordinal0 [0x003C35B5+996789]
	Ordinal0 [0x003C935C+1020764]
	Ordinal0 [0x003C3571+996721]
	Ordinal0 [0x003C4496+1000598]
	Ordinal0 [0x003C3A0D+997901]
	Ordinal0 [0x003C3CC6+998598]
	Ordinal0 [0x003C35B5+996789]
	Ordinal0 [0x003BF19D+979357]
	Ordinal0 [0x003C3571+996721]
	Ordinal0 [0x003C3310+996112]
	Ordinal0 [0x003C30A9+995497]
	Ordinal0 [0x003D3330+1061680]
	Ordinal0 [0x0041AD29+1355049]
	Ordinal0 [0x004199FA+1350138]
	Ordinal0 [0x0041589B+1333403]
	Ordinal0 [0x003F1F74+1187700]
	Ordinal0 [0x003F2DC9+1191369]
	GetHandleVerifier [0x006F30D6+1610054]
	GetHandleVerifier [0x0079B53B+2299307]
	GetHandleVerifier [0x005E8DA9+519705]
	GetHandleVerifier [0x005E7759+513993]
	Ordinal0 [0x004F112D+2232621]
	Ordinal0 [0x004F55F8+2250232]
	Ordinal0 [0x004F5732+2250546]
	Ordinal0 [0x004FE591+2286993]
	BaseThreadInitThunk [0x758BFA29+25]
	RtlGetAppContainerNamedObjectPath [0x77927A9E+286]
	RtlGetAppContainerNamedObjectPath [0x77927A6E+238]
" type="org.openqa.selenium.SessionNotCreatedException">
      <![CDATA[org.openqa.selenium.SessionNotCreatedException: session not created
from timeout: Timed out receiving message from renderer: 600.000
  (Session info: chrome=94.0.4606.71)
Build info: version: '3.141.59', revision: 'e82be7d358', time: '2018-11-14T08:25:48'
System info: host: 'DESKTOP-OOPMDMF', ip: '192.168.1.110', os.name: 'Windows 10', os.arch: 'amd64', os.version: '10.0', java.version: '16.0.1'
Driver info: driver.version: ChromeDriver
remote stacktrace: Backtrace:
	Ordinal0 [0x0055A2D3+2663123]
	Ordinal0 [0x004EA491+2204817]
	Ordinal0 [0x003D2118+1057048]
	Ordinal0 [0x003C49BD+1001917]
	Ordinal0 [0x003C3A0D+997901]
	Ordinal0 [0x003C3CC6+998598]
	Ordinal0 [0x003C35B5+996789]
	Ordinal0 [0x003CA12D+1024301]
	Ordinal0 [0x003C3571+996721]
	Ordinal0 [0x003C4496+1000598]
	Ordinal0 [0x003C3A0D+997901]
	Ordinal0 [0x003C3CC6+998598]
	Ordinal0 [0x003C35B5+996789]
	Ordinal0 [0x003C935C+1020764]
	Ordinal0 [0x003C3571+996721]
	Ordinal0 [0x003C4496+1000598]
	Ordinal0 [0x003C3A0D+997901]
	Ordinal0 [0x003C3CC6+998598]
	Ordinal0 [0x003C35B5+996789]
	Ordinal0 [0x003BF19D+979357]
	Ordinal0 [0x003C3571+996721]
	Ordinal0 [0x003C3310+996112]
	Ordinal0 [0x003C30A9+995497]
	Ordinal0 [0x003D3330+1061680]
	Ordinal0 [0x0041AD29+1355049]
	Ordinal0 [0x004199FA+1350138]
	Ordinal0 [0x0041589B+1333403]
	Ordinal0 [0x003F1F74+1187700]
	Ordinal0 [0x003F2DC9+1191369]
	GetHandleVerifier [0x006F30D6+1610054]
	GetHandleVerifier [0x0079B53B+2299307]
	GetHandleVerifier [0x005E8DA9+519705]
	GetHandleVerifier [0x005E7759+513993]
	Ordinal0 [0x004F112D+2232621]
	Ordinal0 [0x004F55F8+2250232]
	Ordinal0 [0x004F5732+2250546]
	Ordinal0 [0x004FE591+2286993]
	BaseThreadInitThunk [0x758BFA29+25]
	RtlGetAppContainerNamedObjectPath [0x77927A9E+286]
	RtlGetAppContainerNamedObjectPath [0x77927A6E+238]

	at java.base/jdk.internal.reflect.NativeConstructorAccessorImpl.newInstance0(Native Method)
	at java.base/jdk.internal.reflect.NativeConstructorAccessorImpl.newInstance(NativeConstructorAccessorImpl.java:78)
	at java.base/jdk.internal.reflect.DelegatingConstructorAccessorImpl.newInstance(DelegatingConstructorAccessorImpl.java:45)
	at java.base/java.lang.reflect.Constructor.newInstanceWithCaller(Constructor.java:499)
	at java.base/java.lang.reflect.Constructor.newInstance(Constructor.java:480)
	at org.openqa.selenium.remote.W3CHandshakeResponse.lambda$errorHandler$0(W3CHandshakeResponse.java:62)
	at org.openqa.selenium.remote.HandshakeResponse.lambda$getResponseFunction$0(HandshakeResponse.java:30)
	at org.openqa.selenium.remote.ProtocolHandshake.lambda$createSession$0(ProtocolHandshake.java:126)
	at java.base/java.util.stream.ReferencePipeline$3$1.accept(ReferencePipeline.java:197)
	at java.base/java.util.Spliterators$ArraySpliterator.tryAdvance(Spliterators.java:958)
	at java.base/java.util.stream.ReferencePipeline.forEachWithCancel(ReferencePipeline.java:129)
	at java.base/java.util.stream.AbstractPipeline.copyIntoWithCancel(AbstractPipeline.java:502)
	at java.base/java.util.stream.AbstractPipeline.copyInto(AbstractPipeline.java:488)
	at java.base/java.util.stream.AbstractPipeline.wrapAndCopyInto(AbstractPipeline.java:474)
	at java.base/java.util.stream.FindOps$FindOp.evaluateSequential(FindOps.java:150)
	at java.base/java.util.stream.AbstractPipeline.evaluate(AbstractPipeline.java:234)
	at java.base/java.util.stream.ReferencePipeline.findFirst(ReferencePipeline.java:647)
	at org.openqa.selenium.remote.ProtocolHandshake.createSession(ProtocolHandshake.java:128)
	at org.openqa.selenium.remote.ProtocolHandshake.createSession(ProtocolHandshake.java:74)
	at org.openqa.selenium.remote.HttpCommandExecutor.execute(HttpCommandExecutor.java:136)
	at org.openqa.selenium.remote.service.DriverCommandExecutor.execute(DriverCommandExecutor.java:83)
	at org.openqa.selenium.remote.RemoteWebDriver.execute(RemoteWebDriver.java:552)
	at org.openqa.selenium.remote.RemoteWebDriver.startSession(RemoteWebDriver.java:213)
	at org.openqa.selenium.remote.RemoteWebDriver.<init>(RemoteWebDriver.java:131)
	at org.openqa.selenium.chrome.ChromeDriver.<init>(ChromeDriver.java:181)
	at org.openqa.selenium.chrome.ChromeDriver.<init>(ChromeDriver.java:168)
	at org.openqa.selenium.chrome.ChromeDriver.<init>(ChromeDriver.java:123)
	at com.hrms.lib.General.openApplication(General.java:14)
	at com.hrms.testscripts.TC001.tc001(TC001.java:14)
	at java.base/jdk.internal.reflect.NativeMethodAccessorImpl.invoke0(Native Method)
	at java.base/jdk.internal.reflect.NativeMethodAccessorImpl.invoke(NativeMethodAccessorImpl.java:78)
	at java.base/jdk.internal.reflect.DelegatingMethodAccessorImpl.invoke(DelegatingMethodAccessorImpl.java:43)
	at java.base/java.lang.reflect.Method.invoke(Method.java:567)
	at org.testng.internal.MethodInvocationHelper.invokeMethod(MethodInvocationHelper.java:80)
	at org.testng.internal.Invoker.invokeMethod(Invoker.java:714)
	at org.testng.internal.Invoker.invokeTestMethod(Invoker.java:901)
	at org.testng.internal.Invoker.invokeTestMethods(Invoker.java:1231)
	at org.testng.internal.TestMethodWorker.invokeTestMethods(TestMethodWorker.java:127)
	at org.testng.internal.TestMethodWorker.run(TestMethodWorker.java:111)
	at org.testng.TestRunner.privateRun(TestRunner.java:767)
	at org.testng.TestRunner.run(TestRunner.java:617)
	at org.testng.SuiteRunner.runTest(SuiteRunner.java:334)
	at org.testng.SuiteRunner.runSequentially(SuiteRunner.java:329)
	at org.testng.SuiteRunner.privateRun(SuiteRunner.java:291)
	at org.testng.SuiteRunner.run(SuiteRunner.java:240)
	at org.testng.SuiteRunnerWorker.runSuite(SuiteRunnerWorker.java:52)
	at org.testng.SuiteRunnerWorker.run(SuiteRunnerWorker.java:86)
	at org.testng.TestNG.runSuitesSequentially(TestNG.java:1198)
	at org.testng.TestNG.runSuitesLocally(TestNG.java:1123)
	at org.testng.TestNG.run(TestNG.java:1031)
	at org.testng.TestNG.privateMain(TestNG.java:1338)
	at org.testng.TestNG.main(TestNG.java:1307)
]]>
    </failure>
  </testcase> <!-- tc001 -->
</testsuite> <!-- com.hrms.testscripts.TC001 -->
